<?xml version="1.0" encoding="UTF-8"?>
<!-- Generated by org.testng.reporters.JUnitReportReporter -->
<testsuite hostname="GUN-PC" name="com.apust.selenium.Login" tests="1" failures="0" timestamp="6 Jul 2016 09:56:02 GMT" time="0.874" errors="0">
  <testcase name="testLogin" time="0.874" classname="com.apust.selenium.Login"/>
</testsuite> <!-- com.apust.selenium.Login -->
